<?xml version="1.0" encoding="UTF-8" ?>
<testsuite tests="5" failures="0" name="test.DataSourceTest" time="2.08" errors="0" skipped="0">
  <properties>
[...]
</properties>
  <testcase classname="test.DataSourceTest" name="test1" time="1.116"/>
  <testcase classname="test.DataSourceTest" name="test2" time="0.086"/>
  <testcase classname="test.DataSourceTest" name="test3" time="0.046"/>
  <testcase classname="test.DataSourceTest" name="test4" time="0.74"/>
  <testcase classname="test.DataSourceTest" name="test5" time="0.092"/>
</testsuite>